<?xml version="1.0" encoding="UTF-8"?>
<!-- Generated by org.testng.reporters.JUnitReportReporter -->
<testsuite skipped="0" hostname="Rev-LR0BSME3" name="com.revature.tests.LoginTest" tests="2" failures="0" timestamp="2021-08-20T15:53:46 CDT" time="8.921" errors="0">
  <testcase name="login_withInvalidCredentials" time="3.732" classname="com.revature.tests.LoginTest"/>
  <system-out/>
  <testcase name="login_withValidCredentials" time="5.189" classname="com.revature.tests.LoginTest"/>
  <system-out/>
</testsuite> <!-- com.revature.tests.LoginTest -->
